<testsuites id="" name="" tests="1" failures="0" skipped="0" errors="0" time="20.972461">
<testsuite name="stickerset-actions.spec.ts" timestamp="2025-11-22T10:19:11.348Z" hostname="chromium" tests="1" failures="0" skipped="0" time="18.73" errors="0">
<testcase name="StickerSet Actions: UI Display Check (Read-Only) › проверка отображения кнопок действий на основе availableActions (без изменений)" classname="stickerset-actions.spec.ts" time="18.73">
<system-out>
<![CDATA[✅ TELEGRAM_INIT_DATA загружен из переменной окружения
✅ Авторизация настроена через X-Telegram-Init-Data

🔍 Проверка UI: Отображение кнопок действий (read-only)...

📄 Переход в галерею...
✅ Галерея загружена
✅ Найдено 20 карточек стикерсетов

================================================================================
📦 Проверка стикерсета #1 из 3
================================================================================

✅ Модальное окно открыто
📊 Доступные кнопки действий:
  🚫 Заблокировать:    ❌ скрыта
  🔄 Разблокировать:   ❌ скрыта
  🗑️  Удалить:         ❌ скрыта
  📤 Опубликовать:     ❌ скрыта
  📥 Снять публикацию: ❌ скрыта

🔍 Проверка логики:
  ✅ Кнопки BLOCK/UNBLOCK взаимоисключающие
  ✅ Кнопки PUBLISH/UNPUBLISH взаимоисключающие

📌 Состояние стикерсета:

🔙 Закрываем модальное окно...

================================================================================
📦 Проверка стикерсета #2 из 3
================================================================================

✅ Модальное окно открыто
📊 Доступные кнопки действий:
  🚫 Заблокировать:    ❌ скрыта
  🔄 Разблокировать:   ❌ скрыта
  🗑️  Удалить:         ❌ скрыта
  📤 Опубликовать:     ❌ скрыта
  📥 Снять публикацию: ❌ скрыта

🔍 Проверка логики:
  ✅ Кнопки BLOCK/UNBLOCK взаимоисключающие
  ✅ Кнопки PUBLISH/UNPUBLISH взаимоисключающие

📌 Состояние стикерсета:

🔙 Закрываем модальное окно...

================================================================================
📦 Проверка стикерсета #3 из 3
================================================================================

✅ Модальное окно открыто
📊 Доступные кнопки действий:
  🚫 Заблокировать:    ❌ скрыта
  🔄 Разблокировать:   ❌ скрыта
  🗑️  Удалить:         ❌ скрыта
  📤 Опубликовать:     ❌ скрыта
  📥 Снять публикацию: ❌ скрыта

🔍 Проверка логики:
  ✅ Кнопки BLOCK/UNBLOCK взаимоисключающие
  ✅ Кнопки PUBLISH/UNPUBLISH взаимоисключающие

📌 Состояние стикерсета:

🔙 Закрываем модальное окно...

================================================================================
✅ ТЕСТ ЗАВЕРШЕН УСПЕШНО
================================================================================
📊 Результат: Кнопки действий корректно отображаются на основе availableActions
ℹ️  Никакие действия не были выполнены - только проверка отображения UI
================================================================================

]]>
</system-out>
</testcase>
</testsuite>
</testsuites>