<testsuites id="" name="" tests="2" failures="1" skipped="0" errors="0" time="98.494128">
<testsuite name="gallery-benchmark.spec.ts" timestamp="2025-11-18T09:20:56.484Z" hostname="chromium" tests="2" failures="1" skipped="0" time="108.204" errors="0">
<testcase name="Gallery Benchmark: Загрузка 40 стикер-карточек (2 страницы) › Бенчмарк производительности загрузки галереи с пагинацией @benchmark" classname="gallery-benchmark.spec.ts" time="94.539">
<failure message="gallery-benchmark.spec.ts:675:3 Бенчмарк производительности загрузки галереи с пагинацией @benchmark" type="FAILURE">
<![CDATA[  [chromium] › gallery-benchmark.spec.ts:675:3 › Gallery Benchmark: Загрузка 40 стикер-карточек (2 страницы) › Бенчмарк производительности загрузки галереи с пагинацией @benchmark 

    Error: expect(received).toBeGreaterThanOrEqual(expected)

    Expected: >= 35
    Received:    20

      890 |     console.log(`📊 Итого загружено стикер-карточек: ${stickerCount}`);
      891 |     
    > 892 |     expect(stickerCount).toBeGreaterThanOrEqual(35); // Минимум 35 из 40
          |                          ^
      893 |     expect(page2MediaStats.totalCards - page2MediaStats.emptyMedia).toBeGreaterThanOrEqual(35); // Минимум 35 с медиа
      894 |   });
      895 |   
        at C:\Users\Notebook\StickerArtWeb-1\tests\gallery-benchmark.spec.ts:892:26

    attachment #1: screenshot (image/png) ──────────────────────────────────────────────────────────
    ..\test-results\gallery-benchmark-Gallery--9833a-ереи-с-пагинацией-benchmark-chromium\test-failed-1.png
    ────────────────────────────────────────────────────────────────────────────────────────────────

    attachment #2: video (video/webm) ──────────────────────────────────────────────────────────────
    ..\test-results\gallery-benchmark-Gallery--9833a-ереи-с-пагинацией-benchmark-chromium\video.webm
    ────────────────────────────────────────────────────────────────────────────────────────────────

    Error Context: ..\test-results\gallery-benchmark-Gallery--9833a-ереи-с-пагинацией-benchmark-chromium\error-context.md
]]>
</failure>
<system-out>
<![CDATA[🚀 Запуск бенчмарка галереи (2 страницы по 20 карточек)...

✅ Авторизация настроена через X-Telegram-Init-Data
📄 Переход на страницу галереи...
⏳ Ожидание загрузки контейнера галереи...

📄 СТРАНИЦА 1: Загрузка первых 20 стикеров
────────────────────────────────────────────────────────────────────────────────
⏳ Ожидание первого стикера...
✅ Первый стикер загружен за 64ms
⏳ Ожидание первых 6 стикеров...
✅ Первые 6 стикеров загружены за 18ms
⏳ Ожидание всех 20 стикеров первой страницы...
✅ Все 20 стикеров первой страницы загружены за 20ms
🔍 Проверка загрузки медиа для первых 20 карточек...
  📊 Медиа статистика страницы 1:
     - Изображений с src: 0
     - Видео с src: 0
     - Карточек без медиа: 20
     - Всего карточек: 20
⏳ Стабилизация страницы 1...

📄 СТРАНИЦА 2: Скролл и загрузка следующих 20 стикеров
────────────────────────────────────────────────────────────────────────────────
📜 Скроллинг вниз для загрузки второй страницы...
⏳ Ожидание начала загрузки страницы 2...
⏳ Ожидание загрузки 30 стикеров...
⚠️ Timeout waiting for 30 stickers
✅ 30 стикеров загружено за 30.02s
⏳ Ожидание всех 40 стикеров...
⚠️ Timeout waiting for 40 stickers
✅ Все 40 стикеров загружены за 45.01s
🔍 Проверка загрузки медиа для всех 40 карточек...
  📊 Медиа статистика для всех страниц:
     - Изображений с src: 15
     - Видео с src: 2
     - Карточек без медиа: 3
     - Всего карточек: 20
  📊 Медиа на странице 2 (карточки 21-40):
     - С медиа: 0/0
     - Без медиа: 0/0

⏳ Ожидание финальной стабилизации...
📊 Сбор FPS метрик...
📝 Генерация отчета...

════════════════════════════════════════════════════════════════════════════════
🎯 BENCHMARK REPORT: Галерея с 20 стикер-карточками
════════════════════════════════════════════════════════════════════════════════

🕒 ВРЕМЯ ЗАГРУЗКИ:
────────────────────────────────────────────────────────────────────────────────
  ⏱️  Первый стикер (TTFS):           64ms
  ⏱️  Первые 6 стикеров:             18ms
  ⏱️  Все 20 стикеров:               20ms
  📄 DOMContentLoaded:               1.51s
  🎨 First Contentful Paint (FCP):   1.86s
  🖼️  Largest Contentful Paint (LCP): 20.18s
  ⚡ Time to Interactive (TTI):      406ms

🌐 СЕТЕВЫЕ МЕТРИКИ:
────────────────────────────────────────────────────────────────────────────────
  📡 Всего запросов:                 167
  🔌 API запросы:                    6
  🖼️  Изображения стикеров:           80
  📋 JSON (анимации):                0
  🎬 Видео:                          0
  ♻️  Дубликаты запросов:             53
  ❌ Неудачные запросы:              0
  💾 Объем данных:                   9.08 MB
  ⏱️  Среднее время ответа:          331ms
  🔀 Макс. параллельность:           29

  🐌 Самые медленные запросы:
     1. 2.14s - CAACAgIAAxUAAWkXmx6lA5qKEbHoHUzUCLpuNm0OAALymgACS
     2. 2.01s - CAACAgIAAxUAAWkXmygh5bk1RD-A-JMH8GvA3aStAAKfAwACz
     3. 1.94s - CAACAgEAAxUAAWkXmxtl2nn_nCLWunENNrZTwWPEAAKWAwAC1
     4. 1.92s - CAACAgIAAxUAAWkXmxVMQ2D_E1Khhcphin0_7fD9AAKiDAACD
     5. 1.90s - CAACAgEAAxUAAWkXmyGVt66vTHTap0HwCwwS84ScAAITAAOk4

🎨 РЕНДЕРИНГ И АНИМАЦИЯ:
────────────────────────────────────────────────────────────────────────────────
  📊 Средний FPS:                    24.3
  📉 Минимальный FPS:                23.3
  📐 Layout Shifts (CLS):            0.000
  🔨 DOM узлов:                      1525
  ⏳ Долгие задачи (>50ms):          11

💾 ИСПОЛЬЗОВАНИЕ РЕСУРСОВ:
────────────────────────────────────────────────────────────────────────────────
  🧠 Память JS Heap:                 37.8 MB
  📏 Лимит памяти:                   3585.8 MB
  📊 Использование памяти:           1.1%
  🌳 DOM элементов:                  1525
  🎨 Canvas контекстов:              0

📦 КЭШИРОВАНИЕ:
────────────────────────────────────────────────────────────────────────────────
  ✅ Cache Hits:                     1
  ❌ Cache Misses:                   15
  📈 Эффективность кеша:             6.3%

📊 ВОДОПАД ЗАГРУЗКИ (первые 20 запросов):
────────────────────────────────────────────────────────────────────────────────
   1. 71ms     | 56ms     █
      document      (2.84 KB)
   2. 149ms    | 95ms     █
      script       client (134.84 KB)
   3. 158ms    | 279ms    █████
      script       telegram-web-app.js (111.32 KB)
   4. 164ms    | 109ms    ██
      script       main.tsx (9.92 KB)
   5. 178ms    | 116ms    ██
      script       @react-refresh (114.82 KB)
   6. 250ms    | 50ms     █
      script       env.mjs (3.93 KB)
   7. 466ms    | 129ms    ██
      script       react_jsx-dev-runtime.js?v=7f3e94e7 (36.26 KB)
   8. 472ms    | 115ms    ██
      script       react.js?v=7f3e94e7 (311.00 B)
   9. 482ms    | 109ms    ██
      script       react-dom_client.js?v=7f3e94e7 (1.23 KB)
  10. 490ms    | 142ms    ██
      script       App.tsx (20.17 KB)
  11. 494ms    | 208ms    ████
      script       index.css (83.83 KB)
  12. 500ms    | 173ms    ███
      script       performanceMonitor.ts (26.55 KB)
  13. 599ms    | 195ms    ███
      script       chunk-QJTFJ6OV.js?v=7f3e94e7 (76.04 KB)
  14. 616ms    | 168ms    ███
      script       chunk-V4OQ3NZ2.js?v=7f3e94e7 (1.73 KB)
  15. 624ms    | 319ms    ██████
      script       chunk-GKJBSOWT.js?v=7f3e94e7 (906.43 KB)
  16. 636ms    | 213ms    ████
      script       react-router-dom.js?v=7f3e94e7 (204.04 KB)
  17. 645ms    | 161ms    ███
      script       MainLayout.tsx (11.08 KB)
  18. 655ms    | 181ms    ███
      script       useLikesStore.ts (34.50 KB)
  19. 660ms    | 153ms    ███
      script       useProfileStore.ts (31.36 KB)
  20. 667ms    | 185ms    ███
      script       useTelegram.ts (60.07 KB)

🚨 ВЫЯВЛЕННЫЕ ПРОБЛЕМЫ:
────────────────────────────────────────────────────────────────────────────────
  ⚠️  ПРЕДУПРЕЖДЕНИЯ:
     • Медленный LCP: 20.18s (норма <4s)
     • Низкий FPS: 24.3 (норма >30)
     • Много дубликатов: 53 повторных запросов

  🔍 УЗКИЕ МЕСТА:
     • Много долгих задач: 11 задач >50ms
     • Низкая эффективность кеша: 6.3%

💡 РЕКОМЕНДАЦИИ ПО ОПТИМИЗАЦИИ:
────────────────────────────────────────────────────────────────────────────────
  1. Улучшите систему кеширования для предотвращения дублирующих запросов
  2. Оптимизируйте анимации и рендеринг (используйте CSS transforms, will-change)
  3. Улучшите стратегию кеширования (увеличьте TTL, prefetch)
  4. Разбейте долгие задачи на более мелкие части (используйте Web Workers)

════════════════════════════════════════════════════════════════════════════════
✅ BENCHMARK ЗАВЕРШЕН
════════════════════════════════════════════════════════════════════════════════


📊 СТАТИСТИКА ПАГИНАЦИИ:
────────────────────────────────────────────────────────────────────────────────
  📄 Страница 1 (карточки 1-20): 20ms
  📄 Страница 2 (карточки 21-40): 44.99s
  📊 Общее время загрузки 40 карточек: 45.01s
  ⚡ Средняя скорость: 0.89 карточек/сек

🎯 РЕЗУЛЬТАТЫ ПРОВЕРОК:
  ✅ TTFS < 5s: 64ms
  ❌ LCP < 4s: 20.18s
  ❌ FPS >= 30: 24.3
  ✅ CLS < 0.25: 0.000
  ❌ Дубликаты < 15: 53
  ✅ Нет ошибок: Да
  ✅ Медиа загружено: 17/20

📊 Итого загружено стикер-карточек: 20

[[ATTACHMENT|..\..\test-results\gallery-benchmark-Gallery--9833a-ереи-с-пагинацией-benchmark-chromium\test-failed-1.png]]

[[ATTACHMENT|..\..\test-results\gallery-benchmark-Gallery--9833a-ереи-с-пагинацией-benchmark-chromium\video.webm]]

[[ATTACHMENT|..\..\test-results\gallery-benchmark-Gallery--9833a-ереи-с-пагинацией-benchmark-chromium\error-context.md]]
]]>
</system-out>
</testcase>
<testcase name="Gallery Benchmark: Загрузка 40 стикер-карточек (2 страницы) › Тест производительности на мобильном устройстве @mobile @benchmark" classname="gallery-benchmark.spec.ts" time="13.665">
<system-out>
<![CDATA[📱 Бенчмарк для мобильного устройства...

✅ Авторизация настроена через X-Telegram-Init-Data

════════════════════════════════════════════════════════════════════════════════
🎯 BENCHMARK REPORT: Галерея с 20 стикер-карточками
════════════════════════════════════════════════════════════════════════════════

🕒 ВРЕМЯ ЗАГРУЗКИ:
────────────────────────────────────────────────────────────────────────────────
  ⏱️  Первый стикер (TTFS):           94ms
  ⏱️  Первые 6 стикеров:             32ms
  ⏱️  Все 20 стикеров:               21ms
  📄 DOMContentLoaded:               1.45s
  🎨 First Contentful Paint (FCP):   1.82s
  🖼️  Largest Contentful Paint (LCP): 10.36s
  ⚡ Time to Interactive (TTI):      409ms

🌐 СЕТЕВЫЕ МЕТРИКИ:
────────────────────────────────────────────────────────────────────────────────
  📡 Всего запросов:                 130
  🔌 API запросы:                    6
  🖼️  Изображения стикеров:           43
  📋 JSON (анимации):                0
  🎬 Видео:                          0
  ♻️  Дубликаты запросов:             17
  ❌ Неудачные запросы:              0
  💾 Объем данных:                   7.63 MB
  ⏱️  Среднее время ответа:          425ms
  🔀 Макс. параллельность:           30

  🐌 Самые медленные запросы:
     1. 2.60s - CAACAgEAAxUAAWkXmxcEtdMM-NKWxDCJMVhsMhmmAAI5AAMgd
     2. 2.58s - CAACAgIAAxUAAWkXmxkBGB1Z-Wtt8igTeEGTjhNGAAIvCAACQ
     3. 1.91s - CAACAgIAAxUAAWkXmyhD7q6UAAG9wa8sxdu6oztoSQACqAMAA
     4. 1.59s - CAACAgUAAxUAAWkXmx1S-0u166S3VHl48k62lbY0AAIjAQAC6
     5. 1.51s - CAACAgIAAxUAAWkXmx6sJ7tFRAN7Pf-u8vl8f9tVAAIfXgACu

🎨 РЕНДЕРИНГ И АНИМАЦИЯ:
────────────────────────────────────────────────────────────────────────────────
  📊 Средний FPS:                    22.2
  📉 Минимальный FPS:                20.7
  📐 Layout Shifts (CLS):            0.000
  🔨 DOM узлов:                      703
  ⏳ Долгие задачи (>50ms):          9

💾 ИСПОЛЬЗОВАНИЕ РЕСУРСОВ:
────────────────────────────────────────────────────────────────────────────────
  🧠 Память JS Heap:                 29.8 MB
  📏 Лимит памяти:                   3585.8 MB
  📊 Использование памяти:           0.8%
  🌳 DOM элементов:                  703
  🎨 Canvas контекстов:              0

📦 КЭШИРОВАНИЕ:
────────────────────────────────────────────────────────────────────────────────
  ✅ Cache Hits:                     1
  ❌ Cache Misses:                   13
  📈 Эффективность кеша:             7.1%

📊 ВОДОПАД ЗАГРУЗКИ (первые 20 запросов):
────────────────────────────────────────────────────────────────────────────────
   1. 60ms     | 57ms     █
      document      (2.84 KB)
   2. 140ms    | 115ms    ██
      script       client (134.84 KB)
   3. 147ms    | 288ms    █████
      script       telegram-web-app.js (111.32 KB)
   4. 156ms    | 122ms    ██
      script       main.tsx (9.92 KB)
   5. 186ms    | 108ms    ██
      script       @react-refresh (114.82 KB)
   6. 261ms    | 40ms     
      script       env.mjs (3.93 KB)
   7. 461ms    | 82ms     █
      script       react_jsx-dev-runtime.js?v=7f3e94e7 (36.26 KB)
   8. 474ms    | 108ms    ██
      script       react.js?v=7f3e94e7 (311.00 B)
   9. 478ms    | 110ms    ██
      script       react-dom_client.js?v=7f3e94e7 (1.23 KB)
  10. 484ms    | 108ms    ██
      script       App.tsx (20.17 KB)
  11. 489ms    | 151ms    ███
      script       index.css (83.83 KB)
  12. 495ms    | 158ms    ███
      script       performanceMonitor.ts (26.55 KB)
  13. 547ms    | 138ms    ██
      script       chunk-QJTFJ6OV.js?v=7f3e94e7 (76.04 KB)
  14. 556ms    | 121ms    ██
      script       chunk-V4OQ3NZ2.js?v=7f3e94e7 (1.73 KB)
  15. 596ms    | 276ms    █████
      script       chunk-GKJBSOWT.js?v=7f3e94e7 (906.43 KB)
  16. 604ms    | 227ms    ████
      script       react-router-dom.js?v=7f3e94e7 (204.04 KB)
  17. 611ms    | 171ms    ███
      script       MainLayout.tsx (11.08 KB)
  18. 619ms    | 170ms    ███
      script       useLikesStore.ts (34.50 KB)
  19. 630ms    | 162ms    ███
      script       useProfileStore.ts (31.36 KB)
  20. 636ms    | 178ms    ███
      script       useTelegram.ts (60.07 KB)

🚨 ВЫЯВЛЕННЫЕ ПРОБЛЕМЫ:
────────────────────────────────────────────────────────────────────────────────
  ⚠️  ПРЕДУПРЕЖДЕНИЯ:
     • Медленный LCP: 10.36s (норма <4s)
     • Низкий FPS: 22.2 (норма >30)
     • Много дубликатов: 17 повторных запросов

  🔍 УЗКИЕ МЕСТА:
     • Низкая эффективность кеша: 7.1%

💡 РЕКОМЕНДАЦИИ ПО ОПТИМИЗАЦИИ:
────────────────────────────────────────────────────────────────────────────────
  1. Улучшите систему кеширования для предотвращения дублирующих запросов
  2. Оптимизируйте анимации и рендеринг (используйте CSS transforms, will-change)
  3. Улучшите стратегию кеширования (увеличьте TTL, prefetch)

════════════════════════════════════════════════════════════════════════════════
✅ BENCHMARK ЗАВЕРШЕН
════════════════════════════════════════════════════════════════════════════════

]]>
</system-out>
</testcase>
</testsuite>
</testsuites>