<testsuites id="" name="" tests="2" failures="0" skipped="0" errors="0" time="46.306541">
<testsuite name="gallery-benchmark.spec.ts" timestamp="2025-11-22T14:01:31.079Z" hostname="chromium" tests="2" failures="0" skipped="0" time="65.122" errors="0">
<testcase name="Gallery Benchmark: Загрузка 40 стикер-карточек (2 страницы) › Бенчмарк производительности загрузки галереи с пагинацией @benchmark" classname="gallery-benchmark.spec.ts" time="42.977">
<system-out>
<![CDATA[🚀 Запуск бенчмарка галереи (2 страницы по 20 карточек)...

✅ Авторизация настроена через X-Telegram-Init-Data
📄 Переход на страницу галереи...
⏳ Ожидание загрузки контейнера галереи...

📄 СТРАНИЦА 1: Загрузка первых 20 стикеров
────────────────────────────────────────────────────────────────────────────────
⏳ Ожидание первого стикера с медиа (80% готовности)...
✅ Первый стикер с медиа загружен за 15ms
⏳ Ожидание первых 6 стикеров с медиа (80% готовности)...
✅ Первые 6 стикеров с медиа загружены за 10.59s
⏳ Ожидание всех 20 стикеров с медиа (80% готовности)...
✅ Все 20 стикеров с медиа загружены за 2.02s
  📊 Медиа статистика страницы 1:
     - Изображений с src: 0
     - Видео с src: 1
     - Анимаций с canvas: 15
     - Карточек без медиа: 4
     - Всего карточек: 20
     - Загружено медиа: 16/20 (80.0%)

📄 СТРАНИЦА 2: Скролл и загрузка следующих 20 стикеров
────────────────────────────────────────────────────────────────────────────────
📜 Скроллинг вниз для загрузки второй страницы...
  📊 Скролл выполнен: {
  success: [33mtrue[39m,
  scrollTop: [33m9599[39m,
  scrollHeight: [33m10319[39m,
  clientHeight: [33m720[39m
}
⏳ Ожидание начала загрузки страницы 2...
⏳ Ожидание загрузки 30 стикеров с медиа (80% готовности)...
✅ 30 стикеров с медиа загружено за 12.21s
⏳ Ожидание всех 40 стикеров с медиа (80% готовности)...
✅ Все 40 стикеров с медиа загружены за 973ms
⏳ Активное ожидание загрузки медиа для всех 40 карточек...
  🔄 Попытка 1: 34/40 медиа загружено (цель: 38)
✅ 95% медиа загружено за 740ms
🔍 ДИАГНОСТИКА: Проверка состояния кешей и рендера...
  📊 Статистика очереди imageLoader:
     - В процессе (inFlight): 89
     - В очереди (queued): 59 (high: 2, low: 57)
     - Активных загрузок: 30 (high: 6, low: 24)
     - Максимальная concurrency: 30
  📦 Состояние кешей:
     - Images в кеше: 0
     - Animations в кеше: 38
     - Videos в кеше: 3
  ⚠️  Карточки без видимого медиа (1):
     - Карточка 39: type=animation, hasAnimated=true, hasCanvas=false

  🔬 Детальная диагностика проблемных карточек:
     - Карточка 39: hasSkeletonLoader=false (isFirstStickerReady=false)
🔍 Финальная проверка загрузки медиа для всех 40 карточек...
  📊 Финальная медиа статистика для всех страниц:
     - Изображений с src: 0
     - Видео с src: 1
     - Анимаций с canvas/svg: 37
     - Карточек без медиа: 2
     - Всего карточек: 40
     - Процент загруженных: 95.0%
  ⚠️  Карточки без медиа (индексы): 36, 39
  📊 Медиа на странице 2 (карточки 21-40):
     - С медиа: 19/20
     - Без медиа: 1/20

⏳ Ожидание финальной стабилизации...
📊 Сбор FPS метрик...
📝 Генерация отчета...

🔍 ТОП-10 дублирующихся URL:
   8x - http://localhost:3001/stickers/CAACAgIAAxUAAWkXFqvJN5h6YGpAeWPcUO3hXOtqAAKWKgACO...
   8x - http://localhost:3001/stickers/CAACAgIAAxUAAWkXFqwIQghz8YPq6BuJ-38vESCvAAIREwAC7...
   8x - http://localhost:3001/stickers/CAACAgIAAxUAAWkW5E-Rr1oPEUtJyfigsj1TQ-aEAAJPAAPAN...
   8x - http://localhost:3001/stickers/CAACAgIAAxUAAWkXFq3Au0SE0uG2QdLxtIEslfFWAAI2DwACH...
   8x - http://localhost:3001/stickers/CAACAgIAAxUAAWkXFq1Aeu1qEZiyOTY2B87z2rQ5AAJIAAOtZ...
   8x - http://localhost:3001/stickers/CAACAgIAAxUAAWkXFq2KJGhMBDGXirb3Pw7z6_n6AAIsDQACu...
   8x - http://localhost:3001/stickers/CAACAgIAAxUAAWkXFq1KqD3Oc45WXi7UWtWGu2ZpAAI9AAMkc...
   8x - http://localhost:3001/stickers/CAACAgIAAxUAAWkXFq5sNYQpE9Ue60fgH5E2A0SsAAIMAQAC9...
   8x - http://localhost:3001/stickers/CAACAgIAAxUAAWkVkq0botf2poCQdHsBax0HkPzQAAIqBQACP...
   8x - http://localhost:3001/stickers/CAACAgIAAxUAAWkXFqtfjU-2uZn_PRg3nd54bg-pAAKuPgACn...


════════════════════════════════════════════════════════════════════════════════
🎯 BENCHMARK REPORT: Галерея с 20 стикер-карточками
════════════════════════════════════════════════════════════════════════════════

🕒 ВРЕМЯ ЗАГРУЗКИ:
────────────────────────────────────────────────────────────────────────────────
  ⏱️  Первый стикер (TTFS):           15ms
  ⏱️  Первые 6 стикеров:             10.59s
  ⏱️  Все 20 стикеров:               2.02s
  📄 DOMContentLoaded:               758ms
  🎨 First Contentful Paint (FCP):   1.08s
  🖼️  Largest Contentful Paint (LCP): 4.64s
  ⚡ Time to Interactive (TTI):      441ms

🌐 СЕТЕВЫЕ МЕТРИКИ:
────────────────────────────────────────────────────────────────────────────────
  📡 Всего запросов:                 397
  🔌 API запросы:                    7
  🖼️  Изображения стикеров:           299
  📋 JSON (анимации):                0
  🎬 Видео:                          0
  ♻️  Дубликаты запросов:             235
  ❌ Неудачные запросы:              0
  💾 Объем данных:                   24.77 MB
  ⏱️  Среднее время ответа:          430ms
  🔀 Макс. параллельность:           40

  🐌 Самые медленные запросы:
     1. 3.50s - CAACAgIAAxUAAWkVkq1YvVPR8ZBeAAGr3c4RJvg1ggACtBYAA
     2. 3.40s - stickersets?page=1&size=20&sort=id&direction=DESC
     3. 2.98s - CAACAgIAAxUAAWkXFq1wWkEFB04NPeW_iKFbe321AAIXDwACe
     4. 2.96s - CAACAgIAAxUAAWkVkq1YvVPR8ZBeAAGr3c4RJvg1ggACtBYAA
     5. 2.96s - CAACAgIAAxUAAWkXFq1EHHXUKp_ZRAYjwxxl7LSRAAIyCQACG

🎨 РЕНДЕРИНГ И АНИМАЦИЯ:
────────────────────────────────────────────────────────────────────────────────
  📊 Средний FPS:                    57.0
  📉 Минимальный FPS:                46.2
  📐 Layout Shifts (CLS):            0.000
  🔨 DOM узлов:                      13969
  ⏳ Долгие задачи (>50ms):          6

💾 ИСПОЛЬЗОВАНИЕ РЕСУРСОВ:
────────────────────────────────────────────────────────────────────────────────
  🧠 Память JS Heap:                 207.7 MB
  📏 Лимит памяти:                   2144.0 MB
  📊 Использование памяти:           9.7%
  🌳 DOM элементов:                  13969
  🎨 Canvas контекстов:              0

📦 КЭШИРОВАНИЕ:
────────────────────────────────────────────────────────────────────────────────
  ✅ Cache Hits:                     9
  ❌ Cache Misses:                   0
  📈 Эффективность кеша:             100.0%

📊 ВОДОПАД ЗАГРУЗКИ (первые 20 запросов):
────────────────────────────────────────────────────────────────────────────────
   1. 121ms    | 22ms     
      document      (2.81 KB)
   2. 171ms    | 77ms     █
      script       client (134.86 KB)
   3. 174ms    | 303ms    ██████
      script       telegram-web-app.js (111.32 KB)
   4. 176ms    | 25ms     
      script       main.tsx (6.04 KB)
   5. 193ms    | 23ms     
      script       @react-refresh (114.82 KB)
   6. 250ms    | 4ms      
      script       env.mjs (3.93 KB)
   7. 544ms    | 19ms     
      script       react_jsx-dev-runtime.js?v=f80017c5 (36.28 KB)
   8. 548ms    | 28ms     
      script       react.js?v=f80017c5 (335.00 B)
   9. 550ms    | 29ms     
      script       react-dom_client.js?v=f80017c5 (1.26 KB)
  10. 551ms    | 33ms     
      script       App.tsx (20.32 KB)
  11. 552ms    | 50ms     █
      script       index.css (84.08 KB)
  12. 552ms    | 49ms     
      script       performanceMonitor.ts (25.68 KB)
  13. 553ms    | 50ms     █
      script       serviceWorkerRegistration.ts (10.00 KB)
  14. 565ms    | 46ms     
      script       chunk-QJTFJ6OV.js?v=f80017c5 (76.05 KB)
  15. 568ms    | 44ms     
      script       chunk-V4OQ3NZ2.js?v=f80017c5 (1.73 KB)
  16. 582ms    | 122ms    ██
      script       chunk-GKJBSOWT.js?v=f80017c5 (906.46 KB)
  17. 589ms    | 68ms     █
      script       react-router-dom.js?v=f80017c5 (204.67 KB)
  18. 592ms    | 45ms     
      script       MainLayout.tsx (11.22 KB)
  19. 593ms    | 50ms     █
      script       useLikesStore.ts (33.58 KB)
  20. 595ms    | 64ms     █
      script       useProfileStore.ts (35.16 KB)

🚨 ВЫЯВЛЕННЫЕ ПРОБЛЕМЫ:
────────────────────────────────────────────────────────────────────────────────
  ⚠️  ПРЕДУПРЕЖДЕНИЯ:
     • Медленный LCP: 4.64s (норма <4s)
     • Много дубликатов: 235 повторных запросов
     • Большой объем данных: 24.77 MB (оптимально <10MB)

  🔍 УЗКИЕ МЕСТА:
     • Слишком много запросов изображений: 299

💡 РЕКОМЕНДАЦИИ ПО ОПТИМИЗАЦИИ:
────────────────────────────────────────────────────────────────────────────────
  1. Улучшите систему кеширования для предотвращения дублирующих запросов
  2. Уменьшите размер ресурсов (сжатие изображений, lazy loading)
  3. Используйте спрайты или объедините мелкие изображения

════════════════════════════════════════════════════════════════════════════════
✅ BENCHMARK ЗАВЕРШЕН
════════════════════════════════════════════════════════════════════════════════


📊 СТАТИСТИКА ПАГИНАЦИИ:
────────────────────────────────────────────────────────────────────────────────
  📄 Страница 1 (карточки 1-20): 2.02s
  📄 Страница 2 (карточки 21-40): -1051ms
  📊 Общее время загрузки 40 карточек: 973ms
  ⚡ Средняя скорость: 41.11 карточек/сек

🎯 РЕЗУЛЬТАТЫ ПРОВЕРОК:
  ✅ TTFS < 5s: 15ms
  ❌ LCP < 4s: 4.64s
  ✅ FPS >= 30: 57.0
  ✅ CLS < 0.25: 0.000
  ❌ Дубликаты < 15: 235
  ✅ Нет ошибок: Да
  ✅ Медиа загружено: 39/40

📊 Итого загружено стикер-карточек: 40
]]>
</system-out>
</testcase>
<testcase name="Gallery Benchmark: Загрузка 40 стикер-карточек (2 страницы) › Тест производительности на мобильном устройстве @mobile @benchmark" classname="gallery-benchmark.spec.ts" time="22.145">
<system-out>
<![CDATA[📱 Бенчмарк для мобильного устройства...

✅ Авторизация настроена через X-Telegram-Init-Data
⏳ Ожидание стикеров с медиа...
✅ Загружено: 1 за 15ms, 6 за 10.71s, 20 за 2.04s

🔍 ТОП-10 дублирующихся URL:
   7x - http://localhost:3001/stickers/CAACAgIAAxUAAWkXFqs77HCswy6NKyPLLXA6Xxn7AAKFLAACv...
   7x - http://localhost:3001/stickers/CAACAgIAAxUAAWkXFqx6oe9Z2lCQmjfZIcpk2DCbAAKsRAACC...
   7x - http://localhost:3001/stickers/CAACAgIAAxUAAWkW5E8D9NKAX0ncdzPyKhuuDN1iAAJSAAPAN...
   7x - http://localhost:3001/stickers/CAACAgIAAxUAAWkXFq3Au0SE0uG2QdLxtIEslfFWAAI2DwACH...
   7x - http://localhost:3001/stickers/CAACAgIAAxUAAWkXFq3PCVCJIOEB5obboLi86kEWAAJFAAOtZ...
   7x - http://localhost:3001/stickers/CAACAgIAAxUAAWkXFq08DaRojIi0Z_wGvegpI89vAAI9DQACj...
   7x - http://localhost:3001/stickers/CAACAgIAAxUAAWkXFq1MM2DVEkqRkRJmNlwJbxQnAAJRAAMkc...
   7x - http://localhost:3001/stickers/CAACAgIAAxUAAWkXFq7aaXT7EpiPNNfIQUuvGI94AAIDAQAC9...
   7x - http://localhost:3001/stickers/CAACAgIAAxUAAWkVkq2QxLEET-OXIJlAFelTuvvjAAI5BQACP...
   7x - http://localhost:3001/stickers/CAACAgIAAxUAAWkXFqvxyBTeUJIdDWdI5LmLTbzbAAIhOAACp...


════════════════════════════════════════════════════════════════════════════════
🎯 BENCHMARK REPORT: Галерея с 20 стикер-карточками
════════════════════════════════════════════════════════════════════════════════

🕒 ВРЕМЯ ЗАГРУЗКИ:
────────────────────────────────────────────────────────────────────────────────
  ⏱️  Первый стикер (TTFS):           15ms
  ⏱️  Первые 6 стикеров:             10.71s
  ⏱️  Все 20 стикеров:               2.04s
  📄 DOMContentLoaded:               756ms
  🎨 First Contentful Paint (FCP):   1.06s
  🖼️  Largest Contentful Paint (LCP): 17.34s
  ⚡ Time to Interactive (TTI):      434ms

🌐 СЕТЕВЫЕ МЕТРИКИ:
────────────────────────────────────────────────────────────────────────────────
  📡 Всего запросов:                 261
  🔌 API запросы:                    6
  🖼️  Изображения стикеров:           164
  📋 JSON (анимации):                0
  🎬 Видео:                          0
  ♻️  Дубликаты запросов:             136
  ❌ Неудачные запросы:              0
  💾 Объем данных:                   16.80 MB
  ⏱️  Среднее время ответа:          412ms
  🔀 Макс. параллельность:           38

  🐌 Самые медленные запросы:
     1. 3.20s - CAACAgIAAxUAAWkVkq1Gsd4COM14E8jFLg9ixLHzAAJ_DgACc
     2. 2.92s - CAACAgIAAxUAAWkVkq1XoVXJqudFijgjqiCISkFfAAKNEgACk
     3. 2.92s - CAACAgIAAxUAAWkVkq1XoVXJqudFijgjqiCISkFfAAKNEgACk
     4. 2.92s - CAACAgIAAxUAAWkXFq054qslxYtfeWu8CTRuVPRRAAIiCQACG
     5. 2.91s - CAACAgIAAxUAAWkVkq1Gsd4COM14E8jFLg9ixLHzAAJ_DgACc

🎨 РЕНДЕРИНГ И АНИМАЦИЯ:
────────────────────────────────────────────────────────────────────────────────
  📊 Средний FPS:                    44.6
  📉 Минимальный FPS:                34.5
  📐 Layout Shifts (CLS):            0.001
  🔨 DOM узлов:                      9831
  ⏳ Долгие задачи (>50ms):          7

💾 ИСПОЛЬЗОВАНИЕ РЕСУРСОВ:
────────────────────────────────────────────────────────────────────────────────
  🧠 Память JS Heap:                 204.8 MB
  📏 Лимит памяти:                   2144.0 MB
  📊 Использование памяти:           9.6%
  🌳 DOM элементов:                  9831
  🎨 Canvas контекстов:              0

📦 КЭШИРОВАНИЕ:
────────────────────────────────────────────────────────────────────────────────
  ✅ Cache Hits:                     1
  ❌ Cache Misses:                   0
  📈 Эффективность кеша:             100.0%

📊 ВОДОПАД ЗАГРУЗКИ (первые 20 запросов):
────────────────────────────────────────────────────────────────────────────────
   1. 103ms    | 23ms     
      document      (2.81 KB)
   2. 155ms    | 71ms     █
      script       client (134.86 KB)
   3. 157ms    | 350ms    ███████
      script       telegram-web-app.js (111.32 KB)
   4. 159ms    | 30ms     
      script       main.tsx (6.04 KB)
   5. 178ms    | 29ms     
      script       @react-refresh (114.82 KB)
   6. 227ms    | 8ms      
      script       env.mjs (3.93 KB)
   7. 524ms    | 21ms     
      script       react_jsx-dev-runtime.js?v=f80017c5 (36.28 KB)
   8. 526ms    | 22ms     
      script       react.js?v=f80017c5 (335.00 B)
   9. 528ms    | 34ms     
      script       react-dom_client.js?v=f80017c5 (1.26 KB)
  10. 530ms    | 34ms     
      script       App.tsx (20.32 KB)
  11. 532ms    | 45ms     
      script       index.css (84.08 KB)
  12. 533ms    | 46ms     
      script       performanceMonitor.ts (25.68 KB)
  13. 534ms    | 27ms     
      script       serviceWorkerRegistration.ts (10.00 KB)
  14. 551ms    | 34ms     
      script       chunk-QJTFJ6OV.js?v=f80017c5 (76.05 KB)
  15. 554ms    | 30ms     
      script       chunk-V4OQ3NZ2.js?v=f80017c5 (1.73 KB)
  16. 563ms    | 53ms     █
      script       chunk-GKJBSOWT.js?v=f80017c5 (906.46 KB)
  17. 565ms    | 38ms     
      script       react-router-dom.js?v=f80017c5 (204.67 KB)
  18. 567ms    | 38ms     
      script       MainLayout.tsx (11.22 KB)
  19. 568ms    | 38ms     
      script       useLikesStore.ts (33.58 KB)
  20. 569ms    | 48ms     
      script       useProfileStore.ts (35.16 KB)

🚨 ВЫЯВЛЕННЫЕ ПРОБЛЕМЫ:
────────────────────────────────────────────────────────────────────────────────
  ⚠️  ПРЕДУПРЕЖДЕНИЯ:
     • Медленный LCP: 17.34s (норма <4s)
     • Много дубликатов: 136 повторных запросов
     • Большой объем данных: 16.80 MB (оптимально <10MB)

  🔍 УЗКИЕ МЕСТА:
     • Слишком много запросов изображений: 164

💡 РЕКОМЕНДАЦИИ ПО ОПТИМИЗАЦИИ:
────────────────────────────────────────────────────────────────────────────────
  1. Улучшите систему кеширования для предотвращения дублирующих запросов
  2. Уменьшите размер ресурсов (сжатие изображений, lazy loading)
  3. Используйте спрайты или объедините мелкие изображения

════════════════════════════════════════════════════════════════════════════════
✅ BENCHMARK ЗАВЕРШЕН
════════════════════════════════════════════════════════════════════════════════

]]>
</system-out>
</testcase>
</testsuite>
</testsuites>