<testsuites id="" name="" tests="1" failures="1" skipped="0" errors="0" time="41.000431">
<testsuite name="performance.spec.ts" timestamp="2025-11-02T21:34:58.177Z" hostname="mobile" tests="1" failures="1" skipped="0" time="30.967" errors="0">
<testcase name="Performance Metrics Collection › Сбор метрик производительности галереи стикеров @mobile" classname="performance.spec.ts" time="30.967">
<failure message="performance.spec.ts:55:3 Сбор метрик производительности галереи стикеров @mobile" type="FAILURE">
<![CDATA[  [mobile] › performance.spec.ts:55:3 › Performance Metrics Collection › Сбор метрик производительности галереи стикеров @mobile 

    Test timeout of 30000ms exceeded.

    Error: response.body: Test timeout of 30000ms exceeded.

      142 |         request.responseTime = timestamp - request.timestamp;
      143 |         request.status = status;
    > 144 |         request.size = (await response.body()).length;
          |                                        ^
      145 |       }
      146 |       
      147 |       activeRequests.delete(url);
        at Page.<anonymous> (C:\Users\Notebook\StickerArtWeb-1\tests\performance.spec.ts:144:40)

    Error: page.waitForTimeout: Test timeout of 30000ms exceeded.

      259 |     while (Date.now() < idleEnd) {
      260 |       await readFPS('idle');
    > 261 |       await page.waitForTimeout(1000);
          |                  ^
      262 |     }
      263 |     
      264 |     metrics.runtimeMetrics.fpsIdle = fpsSamples.filter(s => s.state === 'idle').map(s => s.fps);
        at C:\Users\Notebook\StickerArtWeb-1\tests\performance.spec.ts:261:18

    attachment #1: screenshot (image/png) ──────────────────────────────────────────────────────────
    ..\test-results\performance-Performance-Me-80eab-сти-галереи-стикеров-mobile-mobile\test-failed-1.png
    ────────────────────────────────────────────────────────────────────────────────────────────────

    Error Context: ..\test-results\performance-Performance-Me-80eab-сти-галереи-стикеров-mobile-mobile\error-context.md

    attachment #3: video (video/webm) ──────────────────────────────────────────────────────────────
    ..\test-results\performance-Performance-Me-80eab-сти-галереи-стикеров-mobile-mobile\video.webm
    ────────────────────────────────────────────────────────────────────────────────────────────────
]]>
</failure>
<system-out>
<![CDATA[📊 [METRICS] Starting navigation...
📊 [METRICS] Waiting for gallery to load...
✅ [METRICS] First sticker visible at 13181ms
✅ [METRICS] All visible stickers count: 20
📊 [METRICS] Starting 20s idle phase...

[[ATTACHMENT|..\..\test-results\performance-Performance-Me-80eab-сти-галереи-стикеров-mobile-mobile\test-failed-1.png]]

[[ATTACHMENT|..\..\test-results\performance-Performance-Me-80eab-сти-галереи-стикеров-mobile-mobile\error-context.md]]

[[ATTACHMENT|..\..\test-results\performance-Performance-Me-80eab-сти-галереи-стикеров-mobile-mobile\video.webm]]
]]>
</system-out>
</testcase>
</testsuite>
</testsuites>